TN:
SF:models\Document.js
FNF:0
FNH:0
DA:3,2
DA:50,2
LF:2
LH:2
BRF:0
BRH:0
end_of_record
TN:
SF:models\Event.js
FNF:0
FNH:0
DA:3,2
DA:51,2
LF:2
LH:2
BRF:0
BRH:0
end_of_record
TN:
SF:models\EventUser.js
FNF:0
FNH:0
DA:3,2
DA:31,2
LF:2
LH:2
BRF:0
BRH:0
end_of_record
TN:
SF:models\Exam.js
FNF:0
FNH:0
DA:2,2
DA:4,2
DA:33,2
LF:3
LH:3
BRF:0
BRH:0
end_of_record
TN:
SF:models\JoinRequest.js
FNF:0
FNH:0
DA:3,2
DA:40,2
LF:2
LH:2
BRF:0
BRH:0
end_of_record
TN:
SF:models\Message.js
FN:20,(anonymous_0)
FNF:1
FNH:0
FNDA:0,(anonymous_0)
DA:3,2
DA:20,0
DA:44,2
DA:45,2
DA:47,2
LF:5
LH:4
BRF:0
BRH:0
end_of_record
TN:
SF:models\ModeratorApplication.js
FNF:0
FNH:0
DA:3,2
DA:41,2
LF:2
LH:2
BRF:0
BRH:0
end_of_record
TN:
SF:models\Notification.js
FNF:0
FNH:0
DA:3,2
DA:30,2
LF:2
LH:2
BRF:0
BRH:0
end_of_record
TN:
SF:models\PendingUser.js
FNF:0
FNH:0
DA:3,2
LF:1
LH:1
BRF:0
BRH:0
end_of_record
TN:
SF:models\Question.js
FNF:0
FNH:0
DA:2,2
DA:4,2
DA:27,2
LF:3
LH:3
BRF:0
BRH:0
end_of_record
TN:
SF:models\Report.js
FNF:0
FNH:0
DA:3,2
DA:54,2
LF:2
LH:2
BRF:0
BRH:0
end_of_record
TN:
SF:models\ReputationLog.js
FNF:0
FNH:0
DA:4,2
LF:1
LH:1
BRF:0
BRH:0
end_of_record
TN:
SF:models\ReputationScore.js
FNF:0
FNH:0
DA:3,2
LF:1
LH:1
BRF:0
BRH:0
end_of_record
TN:
SF:models\Room.js
FNF:0
FNH:0
DA:3,3
LF:1
LH:1
BRF:0
BRH:0
end_of_record
TN:
SF:models\RoomInvite.js
FNF:0
FNH:0
DA:3,2
LF:1
LH:1
BRF:0
BRH:0
end_of_record
TN:
SF:models\RoomRequest.js
FNF:0
FNH:0
DA:3,2
LF:1
LH:1
BRF:0
BRH:0
end_of_record
TN:
SF:models\RoomUser.js
FNF:0
FNH:0
DA:3,2
DA:30,2
LF:2
LH:2
BRF:0
BRH:0
end_of_record
TN:
SF:models\Tag.js
FN:12,(anonymous_0)
FN:21,(anonymous_1)
FN:28,(anonymous_2)
FNF:3
FNH:0
FNDA:0,(anonymous_0)
FNDA:0,(anonymous_1)
FNDA:0,(anonymous_2)
DA:3,2
DA:13,0
DA:21,2
DA:22,0
DA:23,0
DA:25,0
DA:28,2
DA:29,0
DA:30,0
DA:31,0
DA:33,0
LF:11
LH:3
BRDA:22,0,0,0
BRDA:22,0,1,0
BRDA:30,1,0,0
BRDA:30,1,1,0
BRF:4
BRH:0
end_of_record
TN:
SF:models\TagRoom.js
FNF:0
FNH:0
DA:3,2
DA:19,2
LF:2
LH:2
BRF:0
BRH:0
end_of_record
TN:
SF:models\User.js
FNF:0
FNH:0
DA:3,2
DA:103,2
LF:2
LH:2
BRDA:103,0,0,2
BRDA:103,0,1,2
BRF:2
BRH:2
end_of_record
TN:
SF:models\UserWarning.js
FNF:0
FNH:0
DA:3,2
DA:40,2
LF:2
LH:2
BRF:0
BRH:0
end_of_record
TN:
SF:models\index.js
FNF:0
FNH:0
LF:0
LH:0
BRF:0
BRH:0
end_of_record
TN:
SF:requests\baseRequest.js
FN:3,(anonymous_0)
FN:8,(anonymous_1)
FN:12,(anonymous_2)
FN:16,(anonymous_3)
FN:20,(anonymous_4)
FNF:5
FNH:1
FNDA:55,(anonymous_0)
FNDA:0,(anonymous_1)
FNDA:0,(anonymous_2)
FNDA:0,(anonymous_3)
FNDA:0,(anonymous_4)
DA:4,55
DA:5,55
DA:9,0
DA:13,0
DA:17,0
DA:21,0
LF:6
LH:2
BRF:0
BRH:0
end_of_record
TN:
SF:requests\manageJoinRoomRequest.js
FN:6,(anonymous_0)
FN:11,(anonymous_1)
FN:43,(anonymous_2)
FN:101,(anonymous_3)
FN:143,(anonymous_4)
FNF:5
FNH:5
FNDA:29,(anonymous_0)
FNDA:8,(anonymous_1)
FNDA:6,(anonymous_2)
FNDA:7,(anonymous_3)
FNDA:9,(anonymous_4)
DA:7,29
DA:8,29
DA:12,8
DA:13,8
DA:15,8
DA:16,1
DA:18,7
DA:19,7
DA:20,1
DA:22,6
DA:23,1
DA:26,5
DA:27,1
DA:29,4
DA:30,3
DA:31,1
DA:34,2
DA:35,2
DA:36,1
DA:40,2
DA:44,6
DA:45,6
DA:47,6
DA:48,6
DA:49,0
DA:51,6
DA:53,3
DA:64,3
DA:65,2
DA:68,4
DA:75,4
DA:76,2
DA:77,1
DA:79,1
DA:80,1
DA:85,2
DA:90,2
DA:98,2
DA:102,7
DA:104,7
DA:105,1
DA:107,6
DA:108,1
DA:110,5
DA:111,1
DA:113,4
DA:114,1
DA:116,3
DA:117,3
DA:118,1
DA:121,2
DA:122,1
DA:125,1
DA:130,1
DA:131,1
DA:132,1
DA:134,1
DA:140,1
DA:144,9
DA:146,9
DA:147,1
DA:149,8
DA:150,1
DA:152,7
DA:153,1
DA:155,6
DA:156,1
DA:158,5
DA:159,5
DA:160,1
DA:163,4
DA:164,1
DA:166,3
DA:167,2
DA:170,1
DA:171,1
DA:172,1
DA:173,1
DA:175,1
DA:181,1
LF:80
LH:79
BRDA:15,0,0,1
BRDA:15,0,1,7
BRDA:15,1,0,8
BRDA:15,1,1,7
BRDA:19,2,0,1
BRDA:19,2,1,6
BRDA:22,3,0,1
BRDA:22,3,1,5
BRDA:22,4,0,6
BRDA:22,4,1,6
BRDA:26,5,0,1
BRDA:26,5,1,4
BRDA:29,6,0,3
BRDA:29,6,1,1
BRDA:30,7,0,1
BRDA:30,7,1,2
BRDA:35,8,0,1
BRDA:35,8,1,1
BRDA:48,9,0,0
BRDA:48,9,1,6
BRDA:51,10,0,3
BRDA:51,10,1,3
BRDA:64,11,0,2
BRDA:64,11,1,1
BRDA:75,12,0,2
BRDA:75,12,1,2
BRDA:76,13,0,1
BRDA:76,13,1,1
BRDA:79,14,0,1
BRDA:79,14,1,0
BRDA:104,15,0,1
BRDA:104,15,1,6
BRDA:107,16,0,1
BRDA:107,16,1,5
BRDA:110,17,0,1
BRDA:110,17,1,4
BRDA:113,18,0,1
BRDA:113,18,1,3
BRDA:117,19,0,1
BRDA:117,19,1,2
BRDA:121,20,0,1
BRDA:121,20,1,1
BRDA:146,21,0,1
BRDA:146,21,1,8
BRDA:149,22,0,1
BRDA:149,22,1,7
BRDA:152,23,0,1
BRDA:152,23,1,6
BRDA:155,24,0,1
BRDA:155,24,1,5
BRDA:159,25,0,1
BRDA:159,25,1,4
BRDA:163,26,0,1
BRDA:163,26,1,3
BRDA:166,27,0,2
BRDA:166,27,1,1
BRDA:166,28,0,3
BRDA:166,28,1,2
BRDA:172,29,0,1
BRDA:172,29,1,0
BRF:60
BRH:57
end_of_record
TN:
SF:requests\manageRoomRequest.js
FN:6,(anonymous_0)
FN:11,(anonymous_1)
FN:43,(anonymous_2)
FN:51,(anonymous_3)
FN:86,(anonymous_4)
FN:119,(anonymous_5)
FN:138,(anonymous_6)
FNF:7
FNH:7
FNDA:26,(anonymous_0)
FNDA:10,(anonymous_1)
FNDA:4,(anonymous_2)
FNDA:4,(anonymous_3)
FNDA:5,(anonymous_4)
FNDA:2,(anonymous_5)
FNDA:8,(anonymous_6)
DA:7,26
DA:8,26
DA:12,10
DA:14,10
DA:15,2
DA:17,8
DA:18,1
DA:21,7
DA:22,1
DA:25,6
DA:26,1
DA:29,5
DA:30,5
DA:31,1
DA:34,4
DA:35,1
DA:38,3
DA:39,3
DA:40,1
DA:43,4
DA:44,1
DA:47,1
DA:52,4
DA:53,4
DA:55,4
DA:56,4
DA:58,4
DA:59,1
DA:63,3
DA:64,3
DA:65,1
DA:68,2
DA:73,2
DA:74,1
DA:77,1
DA:82,1
DA:83,1
DA:87,5
DA:89,5
DA:90,1
DA:92,4
DA:93,1
DA:95,3
DA:96,3
DA:97,1
DA:99,2
DA:100,1
DA:103,1
DA:110,1
DA:117,1
DA:118,1
DA:119,2
DA:124,1
DA:125,1
DA:126,1
DA:129,1
DA:135,1
DA:139,8
DA:141,8
DA:142,1
DA:144,7
DA:145,1
DA:147,6
DA:148,1
DA:150,5
DA:151,2
DA:154,3
DA:155,3
DA:156,1
DA:158,2
DA:159,1
DA:161,1
DA:162,1
DA:163,1
DA:164,1
DA:166,1
DA:172,1
LF:77
LH:77
BRDA:14,0,0,2
BRDA:14,0,1,8
BRDA:14,1,0,10
BRDA:14,1,1,9
BRDA:14,1,2,9
BRDA:14,1,3,8
BRDA:17,2,0,1
BRDA:17,2,1,7
BRDA:17,3,0,8
BRDA:17,3,1,8
BRDA:21,4,0,1
BRDA:21,4,1,6
BRDA:21,5,0,7
BRDA:21,5,1,7
BRDA:25,6,0,1
BRDA:25,6,1,5
BRDA:25,7,0,6
BRDA:25,7,1,6
BRDA:30,8,0,1
BRDA:30,8,1,4
BRDA:34,9,0,1
BRDA:34,9,1,3
BRDA:38,10,0,3
BRDA:38,10,1,0
BRDA:39,11,0,1
BRDA:39,11,1,2
BRDA:43,12,0,1
BRDA:43,12,1,1
BRDA:55,13,0,4
BRDA:55,13,1,0
BRDA:55,14,0,4
BRDA:55,14,1,4
BRDA:58,15,0,1
BRDA:58,15,1,3
BRDA:64,16,0,1
BRDA:64,16,1,2
BRDA:73,17,0,1
BRDA:73,17,1,1
BRDA:89,18,0,1
BRDA:89,18,1,4
BRDA:92,19,0,1
BRDA:92,19,1,3
BRDA:96,20,0,1
BRDA:96,20,1,2
BRDA:99,21,0,1
BRDA:99,21,1,1
BRDA:117,22,0,1
BRDA:117,22,1,0
BRDA:141,23,0,1
BRDA:141,23,1,7
BRDA:144,24,0,1
BRDA:144,24,1,6
BRDA:147,25,0,1
BRDA:147,25,1,5
BRDA:150,26,0,2
BRDA:150,26,1,3
BRDA:150,27,0,5
BRDA:150,27,1,4
BRDA:155,28,0,1
BRDA:155,28,1,2
BRDA:158,29,0,1
BRDA:158,29,1,1
BRDA:163,30,0,1
BRDA:163,30,1,0
BRDA:163,30,2,0
BRF:65
BRH:60
end_of_record
TN:
SF:service\reportService.js
FN:22,(anonymous_0)
FN:33,(anonymous_1)
FN:95,(anonymous_2)
FN:130,(anonymous_3)
FN:164,(anonymous_4)
FN:182,(anonymous_5)
FN:221,(anonymous_6)
FN:248,(anonymous_7)
FN:308,(anonymous_8)
FN:324,(anonymous_9)
FNF:10
FNH:7
FNDA:44,(anonymous_0)
FNDA:9,(anonymous_1)
FNDA:9,(anonymous_2)
FNDA:13,(anonymous_3)
FNDA:6,(anonymous_4)
FNDA:14,(anonymous_5)
FNDA:7,(anonymous_6)
FNDA:0,(anonymous_7)
FNDA:0,(anonymous_8)
FNDA:0,(anonymous_9)
DA:5,1
DA:12,1
DA:23,44
DA:24,44
DA:25,44
DA:26,44
DA:27,44
DA:28,44
DA:30,44
DA:31,44
DA:36,9
DA:38,9
DA:39,3
DA:42,6
DA:43,1
DA:46,5
DA:47,1
DA:50,4
DA:51,4
DA:52,1
DA:55,3
DA:56,3
DA:57,1
DA:60,2
DA:61,0
DA:65,2
DA:67,2
DA:68,2
DA:70,0
DA:71,0
DA:73,0
DA:74,0
DA:77,2
DA:78,2
DA:79,1
DA:82,1
DA:91,1
DA:92,1
DA:96,9
DA:97,2
DA:99,7
DA:100,1
DA:103,6
DA:104,1
DA:107,5
DA:109,5
DA:110,1
DA:113,4
DA:114,3
DA:116,3
DA:117,3
DA:118,3
DA:120,3
DA:123,1
DA:124,1
DA:125,1
DA:127,1
DA:131,13
DA:132,3
DA:134,10
DA:135,1
DA:138,9
DA:139,1
DA:142,8
DA:143,2
DA:146,6
DA:147,6
DA:148,1
DA:151,5
DA:152,3
DA:155,2
DA:156,2
DA:157,2
DA:158,2
DA:160,2
DA:165,6
DA:166,2
DA:168,4
DA:169,4
DA:170,1
DA:172,3
DA:173,3
DA:174,1
DA:177,2
DA:178,2
DA:183,14
DA:184,4
DA:186,10
DA:187,1
DA:190,9
DA:191,9
DA:192,1
DA:195,8
DA:196,8
DA:197,1
DA:200,7
DA:201,7
DA:202,5
DA:205,2
DA:206,2
DA:209,0
DA:222,7
DA:223,1
DA:225,6
DA:227,1
DA:230,2
DA:231,2
DA:232,1
DA:233,1
DA:237,2
DA:238,2
DA:239,1
DA:240,1
DA:243,1
DA:250,0
DA:251,0
DA:252,0
DA:254,0
DA:255,0
DA:258,0
DA:259,0
DA:262,0
DA:263,0
DA:264,0
DA:265,0
DA:266,0
DA:268,0
DA:269,0
DA:270,0
DA:271,0
DA:273,0
DA:274,0
DA:276,0
DA:279,0
DA:288,0
DA:291,0
DA:292,0
DA:293,0
DA:294,0
DA:297,0
DA:303,0
DA:304,0
DA:305,0
DA:306,0
DA:308,0
DA:315,0
DA:320,0
DA:321,0
DA:322,0
DA:324,0
DA:331,0
DA:337,0
DA:338,0
DA:340,0
DA:343,0
LF:155
LH:108
BRDA:38,0,0,3
BRDA:38,0,1,6
BRDA:38,1,0,9
BRDA:38,1,1,8
BRDA:38,1,2,7
BRDA:38,1,3,7
BRDA:38,1,4,6
BRDA:42,2,0,1
BRDA:42,2,1,5
BRDA:46,3,0,1
BRDA:46,3,1,4
BRDA:51,4,0,1
BRDA:51,4,1,3
BRDA:56,5,0,1
BRDA:56,5,1,2
BRDA:60,6,0,0
BRDA:60,6,1,2
BRDA:60,7,0,2
BRDA:60,7,1,2
BRDA:65,8,0,2
BRDA:65,8,1,0
BRDA:65,8,2,0
BRDA:78,9,0,1
BRDA:78,9,1,1
BRDA:96,10,0,2
BRDA:96,10,1,7
BRDA:96,11,0,9
BRDA:96,11,1,8
BRDA:99,12,0,1
BRDA:99,12,1,6
BRDA:103,13,0,1
BRDA:103,13,1,5
BRDA:109,14,0,1
BRDA:109,14,1,4
BRDA:113,15,0,3
BRDA:113,15,1,1
BRDA:116,16,0,1
BRDA:116,16,1,2
BRDA:117,17,0,1
BRDA:117,17,1,2
BRDA:118,18,0,1
BRDA:118,18,1,2
BRDA:131,19,0,3
BRDA:131,19,1,10
BRDA:131,20,0,13
BRDA:131,20,1,12
BRDA:131,20,2,11
BRDA:134,21,0,1
BRDA:134,21,1,9
BRDA:138,22,0,1
BRDA:138,22,1,8
BRDA:142,23,0,2
BRDA:142,23,1,6
BRDA:142,24,0,8
BRDA:142,24,1,7
BRDA:147,25,0,1
BRDA:147,25,1,5
BRDA:151,26,0,3
BRDA:151,26,1,2
BRDA:156,27,0,2
BRDA:156,27,1,0
BRDA:165,28,0,2
BRDA:165,28,1,4
BRDA:165,29,0,6
BRDA:165,29,1,5
BRDA:169,30,0,1
BRDA:169,30,1,3
BRDA:173,31,0,1
BRDA:173,31,1,2
BRDA:177,32,0,1
BRDA:177,32,1,1
BRDA:183,33,0,4
BRDA:183,33,1,10
BRDA:183,34,0,14
BRDA:183,34,1,13
BRDA:183,34,2,12
BRDA:183,34,3,11
BRDA:186,35,0,1
BRDA:186,35,1,9
BRDA:186,36,0,10
BRDA:186,36,1,10
BRDA:191,37,0,1
BRDA:191,37,1,8
BRDA:196,38,0,1
BRDA:196,38,1,7
BRDA:201,39,0,5
BRDA:201,39,1,2
BRDA:205,40,0,2
BRDA:205,40,1,0
BRDA:205,41,0,2
BRDA:205,41,1,1
BRDA:222,42,0,1
BRDA:222,42,1,6
BRDA:225,43,0,1
BRDA:225,43,1,2
BRDA:225,43,2,2
BRDA:225,43,3,1
BRDA:231,44,0,1
BRDA:231,44,1,1
BRDA:238,45,0,1
BRDA:238,45,1,1
BRDA:251,46,0,0
BRDA:251,46,1,0
BRDA:254,47,0,0
BRDA:254,47,1,0
BRDA:258,48,0,0
BRDA:258,48,1,0
BRDA:265,49,0,0
BRDA:265,49,1,0
BRDA:270,50,0,0
BRDA:270,50,1,0
BRDA:284,51,0,0
BRDA:284,51,1,0
BRDA:291,52,0,0
BRDA:291,52,1,0
BRDA:292,53,0,0
BRDA:292,53,1,0
BRDA:303,54,0,0
BRDA:303,54,1,0
BRDA:304,55,0,0
BRDA:304,55,1,0
BRDA:320,56,0,0
BRDA:320,56,1,0
BRDA:337,57,0,0
BRDA:337,57,1,0
BRF:125
BRH:96
end_of_record
TN:
SF:service\roomService.js
FN:7,(anonymous_0)
FN:16,(anonymous_1)
FN:29,(anonymous_2)
FN:50,(anonymous_3)
FN:74,(anonymous_4)
FN:91,(anonymous_5)
FN:92,(anonymous_6)
FN:98,(anonymous_7)
FN:130,(anonymous_8)
FN:145,(anonymous_9)
FN:173,(anonymous_10)
FN:188,(anonymous_11)
FN:201,(anonymous_12)
FN:238,(anonymous_13)
FN:249,(anonymous_14)
FNF:15
FNH:6
FNDA:18,(anonymous_0)
FNDA:0,(anonymous_1)
FNDA:0,(anonymous_2)
FNDA:8,(anonymous_3)
FNDA:4,(anonymous_4)
FNDA:2,(anonymous_5)
FNDA:2,(anonymous_6)
FNDA:7,(anonymous_7)
FNDA:0,(anonymous_8)
FNDA:0,(anonymous_9)
FNDA:0,(anonymous_10)
FNDA:0,(anonymous_11)
FNDA:0,(anonymous_12)
FNDA:0,(anonymous_13)
FNDA:0,(anonymous_14)
DA:8,18
DA:9,18
DA:10,18
DA:11,18
DA:12,18
DA:13,18
DA:17,0
DA:18,0
DA:20,0
DA:21,0
DA:23,0
DA:28,0
DA:29,0
DA:30,0
DA:32,0
DA:33,0
DA:36,0
DA:42,0
DA:47,0
DA:51,8
DA:52,2
DA:54,6
DA:55,1
DA:57,5
DA:58,1
DA:60,4
DA:61,4
DA:62,1
DA:64,3
DA:65,1
DA:67,2
DA:68,2
DA:69,1
DA:71,1
DA:75,4
DA:76,1
DA:78,3
DA:79,1
DA:81,2
DA:88,2
DA:90,1
DA:91,2
DA:92,2
DA:99,7
DA:100,1
DA:102,6
DA:103,1
DA:105,5
DA:106,2
DA:108,3
DA:109,3
DA:110,1
DA:113,2
DA:114,2
DA:115,1
DA:118,1
DA:120,1
DA:127,1
DA:131,0
DA:132,0
DA:134,0
DA:135,0
DA:137,0
DA:138,0
DA:140,0
DA:142,0
DA:146,0
DA:147,0
DA:149,0
DA:150,0
DA:152,0
DA:153,0
DA:158,0
DA:159,0
DA:161,0
DA:162,0
DA:163,0
DA:165,0
DA:169,0
DA:170,0
DA:174,0
DA:176,0
DA:177,0
DA:179,0
DA:180,0
DA:182,0
DA:183,0
DA:185,0
DA:187,0
DA:188,0
DA:193,0
DA:197,0
DA:198,0
DA:202,0
DA:204,0
DA:205,0
DA:207,0
DA:209,0
DA:210,0
DA:213,0
DA:214,0
DA:215,0
DA:219,0
DA:222,0
DA:231,0
DA:239,0
DA:240,0
DA:242,0
DA:246,0
DA:249,0
LF:110
LH:45
BRDA:17,0,0,0
BRDA:17,0,1,0
BRDA:17,1,0,0
BRDA:17,1,1,0
BRDA:20,2,0,0
BRDA:20,2,1,0
BRDA:20,3,0,0
BRDA:20,3,1,0
BRDA:28,4,0,0
BRDA:28,4,1,0
BRDA:29,5,0,0
BRDA:29,5,1,0
BRDA:32,6,0,0
BRDA:32,6,1,0
BRDA:39,7,0,0
BRDA:39,7,1,0
BRDA:51,8,0,2
BRDA:51,8,1,6
BRDA:51,9,0,8
BRDA:51,9,1,7
BRDA:54,10,0,1
BRDA:54,10,1,5
BRDA:57,11,0,1
BRDA:57,11,1,4
BRDA:61,12,0,1
BRDA:61,12,1,3
BRDA:64,13,0,1
BRDA:64,13,1,2
BRDA:68,14,0,1
BRDA:68,14,1,1
BRDA:75,15,0,1
BRDA:75,15,1,3
BRDA:78,16,0,1
BRDA:78,16,1,2
BRDA:88,17,0,1
BRDA:88,17,1,1
BRDA:99,18,0,1
BRDA:99,18,1,6
BRDA:102,19,0,1
BRDA:102,19,1,5
BRDA:105,20,0,2
BRDA:105,20,1,3
BRDA:105,21,0,5
BRDA:105,21,1,4
BRDA:109,22,0,1
BRDA:109,22,1,2
BRDA:114,23,0,1
BRDA:114,23,1,1
BRDA:131,24,0,0
BRDA:131,24,1,0
BRDA:135,25,0,0
BRDA:135,25,1,0
BRDA:138,26,0,0
BRDA:138,26,1,0
BRDA:147,27,0,0
BRDA:147,27,1,0
BRDA:150,28,0,0
BRDA:150,28,1,0
BRDA:152,29,0,0
BRDA:152,29,1,0
BRDA:158,30,0,0
BRDA:158,30,1,0
BRDA:177,31,0,0
BRDA:177,31,1,0
BRDA:179,32,0,0
BRDA:179,32,1,0
BRDA:180,33,0,0
BRDA:180,33,1,0
BRDA:182,34,0,0
BRDA:182,34,1,0
BRDA:182,35,0,0
BRDA:182,35,1,0
BRDA:187,36,0,0
BRDA:187,36,1,0
BRDA:202,37,0,0
BRDA:202,38,0,0
BRDA:209,39,0,0
BRDA:209,39,1,0
BRDA:213,40,0,0
BRDA:213,40,1,0
BRDA:240,41,0,0
BRDA:240,41,1,0
BRF:82
BRH:32
end_of_record
