TN:
SF:models\Document.js
FNF:0
FNH:0
DA:3,1
DA:50,1
LF:2
LH:2
BRF:0
BRH:0
end_of_record
TN:
SF:models\Event.js
FNF:0
FNH:0
DA:3,1
DA:51,1
LF:2
LH:2
BRF:0
BRH:0
end_of_record
TN:
SF:models\EventUser.js
FNF:0
FNH:0
DA:3,1
DA:31,1
LF:2
LH:2
BRF:0
BRH:0
end_of_record
TN:
SF:models\Exam.js
FNF:0
FNH:0
DA:2,1
DA:4,1
DA:33,1
LF:3
LH:3
BRF:0
BRH:0
end_of_record
TN:
SF:models\JoinRequest.js
FNF:0
FNH:0
DA:3,1
DA:40,1
LF:2
LH:2
BRF:0
BRH:0
end_of_record
TN:
SF:models\Message.js
FN:20,(anonymous_0)
FNF:1
FNH:0
FNDA:0,(anonymous_0)
DA:3,1
DA:20,0
DA:44,1
DA:45,1
DA:47,1
LF:5
LH:4
BRF:0
BRH:0
end_of_record
TN:
SF:models\ModeratorApplication.js
FNF:0
FNH:0
DA:3,1
DA:41,1
LF:2
LH:2
BRF:0
BRH:0
end_of_record
TN:
SF:models\Notification.js
FNF:0
FNH:0
DA:3,1
DA:45,1
LF:2
LH:2
BRF:0
BRH:0
end_of_record
TN:
SF:models\PendingUser.js
FNF:0
FNH:0
DA:3,1
LF:1
LH:1
BRF:0
BRH:0
end_of_record
TN:
SF:models\Question.js
FNF:0
FNH:0
DA:2,1
DA:4,1
DA:27,1
LF:3
LH:3
BRF:0
BRH:0
end_of_record
TN:
SF:models\Report.js
FNF:0
FNH:0
DA:3,1
DA:54,1
LF:2
LH:2
BRF:0
BRH:0
end_of_record
TN:
SF:models\ReputationLog.js
FNF:0
FNH:0
DA:4,1
LF:1
LH:1
BRF:0
BRH:0
end_of_record
TN:
SF:models\ReputationScore.js
FNF:0
FNH:0
DA:3,1
LF:1
LH:1
BRF:0
BRH:0
end_of_record
TN:
SF:models\Room.js
FNF:0
FNH:0
DA:3,1
LF:1
LH:1
BRF:0
BRH:0
end_of_record
TN:
SF:models\RoomInvite.js
FNF:0
FNH:0
DA:3,1
LF:1
LH:1
BRF:0
BRH:0
end_of_record
TN:
SF:models\RoomRequest.js
FNF:0
FNH:0
DA:3,1
LF:1
LH:1
BRF:0
BRH:0
end_of_record
TN:
SF:models\RoomUser.js
FNF:0
FNH:0
DA:3,1
DA:30,1
LF:2
LH:2
BRF:0
BRH:0
end_of_record
TN:
SF:models\Tag.js
FN:12,(anonymous_0)
FN:21,(anonymous_1)
FN:28,(anonymous_2)
FNF:3
FNH:0
FNDA:0,(anonymous_0)
FNDA:0,(anonymous_1)
FNDA:0,(anonymous_2)
DA:3,1
DA:13,0
DA:21,1
DA:22,0
DA:23,0
DA:25,0
DA:28,1
DA:29,0
DA:30,0
DA:31,0
DA:33,0
LF:11
LH:3
BRDA:22,0,0,0
BRDA:22,0,1,0
BRDA:30,1,0,0
BRDA:30,1,1,0
BRF:4
BRH:0
end_of_record
TN:
SF:models\TagRoom.js
FNF:0
FNH:0
DA:3,1
DA:19,1
LF:2
LH:2
BRF:0
BRH:0
end_of_record
TN:
SF:models\User.js
FNF:0
FNH:0
DA:3,1
DA:103,1
LF:2
LH:2
BRDA:103,0,0,1
BRDA:103,0,1,1
BRF:2
BRH:2
end_of_record
TN:
SF:models\UserWarning.js
FNF:0
FNH:0
DA:3,1
DA:40,1
LF:2
LH:2
BRF:0
BRH:0
end_of_record
TN:
SF:models\index.js
FNF:0
FNH:0
LF:0
LH:0
BRF:0
BRH:0
end_of_record
TN:
SF:service\userService.js
FN:14,(anonymous_0)
FN:26,(anonymous_1)
FN:36,(anonymous_2)
FN:87,(anonymous_3)
FN:102,(anonymous_4)
FN:117,(anonymous_5)
FN:136,(anonymous_6)
FN:187,(anonymous_7)
FN:244,(anonymous_8)
FN:289,(anonymous_9)
FNF:10
FNH:9
FNDA:27,(anonymous_0)
FNDA:2,(anonymous_1)
FNDA:5,(anonymous_2)
FNDA:3,(anonymous_3)
FNDA:2,(anonymous_4)
FNDA:3,(anonymous_5)
FNDA:5,(anonymous_6)
FNDA:5,(anonymous_7)
FNDA:0,(anonymous_8)
FNDA:3,(anonymous_9)
DA:6,1
DA:15,27
DA:16,27
DA:17,27
DA:18,27
DA:19,27
DA:20,27
DA:21,27
DA:22,27
DA:23,27
DA:27,2
DA:30,2
DA:31,1
DA:33,1
DA:37,5
DA:38,5
DA:40,5
DA:41,1
DA:44,4
DA:45,2
DA:46,2
DA:47,2
DA:49,2
DA:54,2
DA:55,1
DA:59,3
DA:60,2
DA:61,2
DA:62,2
DA:64,2
DA:65,1
DA:67,1
DA:68,1
DA:70,0
DA:73,1
DA:74,1
DA:75,1
DA:76,1
DA:77,1
DA:79,1
DA:81,1
DA:84,1
DA:88,3
DA:89,3
DA:90,1
DA:93,2
DA:94,2
DA:95,1
DA:98,1
DA:99,1
DA:103,2
DA:104,2
DA:105,1
DA:108,1
DA:109,1
DA:110,1
DA:111,1
DA:113,1
DA:114,1
DA:118,3
DA:119,3
DA:120,1
DA:123,2
DA:124,1
DA:127,1
DA:128,1
DA:129,1
DA:130,1
DA:132,1
DA:133,1
DA:137,5
DA:138,1
DA:141,4
DA:142,4
DA:143,1
DA:146,3
DA:147,1
DA:150,2
DA:151,1
DA:154,1
DA:155,1
DA:157,1
DA:164,1
DA:165,0
DA:168,1
DA:171,1
DA:173,1
DA:174,0
DA:175,0
DA:176,0
DA:178,0
DA:182,1
DA:183,1
DA:184,1
DA:188,5
DA:189,5
DA:190,1
DA:193,4
DA:194,1
DA:197,3
DA:199,3
DA:200,1
DA:201,1
DA:203,0
DA:204,0
DA:205,0
DA:207,0
DA:208,0
DA:209,0
DA:214,2
DA:215,2
DA:218,2
DA:219,2
DA:220,1
DA:224,2
DA:225,1
DA:229,2
DA:233,2
DA:234,1
DA:238,2
DA:239,2
DA:243,2
DA:244,2
DA:246,2
DA:247,0
DA:248,0
DA:249,0
DA:254,2
DA:259,2
DA:260,0
DA:264,2
DA:269,2
DA:270,0
DA:273,2
DA:274,2
DA:278,2
DA:286,2
DA:290,3
DA:292,1
DA:295,1
DA:303,1
DA:306,1
DA:307,1
DA:308,1
DA:311,1
DA:313,1
DA:315,1
DA:316,0
DA:318,1
DA:322,1
DA:328,1
DA:331,1
DA:338,1
DA:339,1
DA:340,1
DA:342,1
LF:156
LH:138
BRDA:30,0,0,1
BRDA:30,0,1,1
BRDA:40,1,0,1
BRDA:40,1,1,4
BRDA:44,2,0,2
BRDA:44,2,1,2
BRDA:44,3,0,4
BRDA:44,3,1,2
BRDA:46,4,0,2
BRDA:46,4,1,0
BRDA:47,5,0,1
BRDA:47,5,1,1
BRDA:54,6,0,1
BRDA:54,6,1,1
BRDA:59,7,0,2
BRDA:59,7,1,1
BRDA:64,8,0,1
BRDA:64,8,1,1
BRDA:67,9,0,1
BRDA:67,9,1,0
BRDA:73,10,0,1
BRDA:73,10,1,0
BRDA:74,11,0,0
BRDA:74,11,1,1
BRDA:75,12,0,1
BRDA:75,12,1,0
BRDA:76,13,0,1
BRDA:76,13,1,0
BRDA:77,14,0,0
BRDA:77,14,1,1
BRDA:89,15,0,1
BRDA:89,15,1,2
BRDA:94,16,0,1
BRDA:94,16,1,1
BRDA:104,17,0,1
BRDA:104,17,1,1
BRDA:119,18,0,1
BRDA:119,18,1,2
BRDA:123,19,0,1
BRDA:123,19,1,1
BRDA:123,20,0,2
BRDA:123,20,1,2
BRDA:123,20,2,2
BRDA:137,21,0,1
BRDA:137,21,1,4
BRDA:142,22,0,1
BRDA:142,22,1,3
BRDA:146,23,0,1
BRDA:146,23,1,2
BRDA:150,24,0,1
BRDA:150,24,1,1
BRDA:164,25,0,0
BRDA:164,25,1,1
BRDA:173,26,0,0
BRDA:173,26,1,1
BRDA:173,27,0,1
BRDA:173,27,1,0
BRDA:189,28,0,1
BRDA:189,28,1,4
BRDA:193,29,0,1
BRDA:193,29,1,3
BRDA:199,30,0,1
BRDA:199,30,1,2
BRDA:200,31,0,1
BRDA:200,31,1,0
BRDA:200,32,0,1
BRDA:200,32,1,1
BRDA:203,33,0,0
BRDA:203,33,1,0
BRDA:204,34,0,0
BRDA:204,34,1,0
BRDA:207,35,0,0
BRDA:207,35,1,0
BRDA:219,36,0,1
BRDA:219,36,1,1
BRDA:224,37,0,1
BRDA:224,37,1,1
BRDA:233,38,0,1
BRDA:233,38,1,1
BRDA:233,39,0,2
BRDA:233,39,1,1
BRDA:246,40,0,0
BRDA:246,40,1,2
BRDA:248,41,0,0
BRDA:248,41,1,0
BRDA:259,42,0,0
BRDA:259,42,1,2
BRDA:269,43,0,0
BRDA:269,43,1,2
BRDA:273,44,0,1
BRDA:273,44,1,1
BRDA:274,45,0,1
BRDA:274,45,1,1
BRDA:280,46,0,2
BRDA:280,46,1,0
BRDA:282,47,0,1
BRDA:282,47,1,1
BRDA:283,48,0,1
BRDA:283,48,1,1
BRDA:290,49,0,2
BRDA:290,49,1,1
BRDA:290,50,0,3
BRDA:290,50,1,2
BRDA:292,51,0,1
BRDA:292,51,1,0
BRDA:303,52,0,1
BRDA:303,52,1,0
BRDA:307,53,0,1
BRDA:307,53,1,0
BRDA:311,54,0,1
BRDA:311,54,1,0
BRDA:313,55,0,1
BRDA:313,55,1,1
BRDA:315,56,0,0
BRDA:315,56,1,1
BRDA:316,57,0,0
BRDA:316,57,1,0
BRDA:323,58,0,1
BRDA:323,58,1,0
BRDA:324,59,0,1
BRDA:324,59,1,1
BRDA:325,60,0,1
BRDA:325,60,1,1
BRDA:326,61,0,1
BRDA:326,61,1,1
BRF:125
BRH:94
end_of_record
